[2018-11-19 00:23:48] local.ERROR: Undefined property: stdClass::$Tables_in_ {"exception":"[object] (ErrorException(code: 0): Undefined property: stdClass::$Tables_in_ at /home/vagrant/code/app/Console/Commands/AdminCRUD/MakeCommand.php:90)
[stacktrace]
#0 /home/vagrant/code/app/Console/Commands/AdminCRUD/MakeCommand.php(90): Illuminate\\Foundation\\Bootstrap\\HandleExceptions->handleError(8, 'Undefined prope...', '/home/vagrant/c...', 90, Array)
#1 /home/vagrant/code/app/Console/Commands/AdminCRUD/MakeCommand.php(82): App\\Console\\Commands\\AdminCRUD\\MakeCommand->tableName(Object(stdClass))
#2 /home/vagrant/code/app/Console/Commands/AdminCRUD/MakeCommand.php(72): App\\Console\\Commands\\AdminCRUD\\MakeCommand->tableNamesFromDB()
#3 /home/vagrant/code/app/Console/Commands/AdminCRUD/MakeCommand.php(59): App\\Console\\Commands\\AdminCRUD\\MakeCommand->tableNames()
#4 [internal function]: App\\Console\\Commands\\AdminCRUD\\MakeCommand->handle()
#5 /home/vagrant/code/vendor/laravel/framework/src/Illuminate/Container/BoundMethod.php(29): call_user_func_array(Array, Array)
#6 /home/vagrant/code/vendor/laravel/framework/src/Illuminate/Container/BoundMethod.php(87): Illuminate\\Container\\BoundMethod::Illuminate\\Container\\{closure}()
#7 /home/vagrant/code/vendor/laravel/framework/src/Illuminate/Container/BoundMethod.php(31): Illuminate\\Container\\BoundMethod::callBoundMethod(Object(Illuminate\\Foundation\\Application), Array, Object(Closure))
#8 /home/vagrant/code/vendor/laravel/framework/src/Illuminate/Container/Container.php(564): Illuminate\\Container\\BoundMethod::call(Object(Illuminate\\Foundation\\Application), Array, Array, NULL)
#9 /home/vagrant/code/vendor/laravel/framework/src/Illuminate/Console/Command.php(179): Illuminate\\Container\\Container->call(Array)
#10 /home/vagrant/code/vendor/symfony/console/Command/Command.php(255): Illuminate\\Console\\Command->execute(Object(Symfony\\Component\\Console\\Input\\ArgvInput), Object(Illuminate\\Console\\OutputStyle))
#11 /home/vagrant/code/vendor/laravel/framework/src/Illuminate/Console/Command.php(166): Symfony\\Component\\Console\\Command\\Command->run(Object(Symfony\\Component\\Console\\Input\\ArgvInput), Object(Illuminate\\Console\\OutputStyle))
#12 /home/vagrant/code/vendor/symfony/console/Application.php(886): Illuminate\\Console\\Command->run(Object(Symfony\\Component\\Console\\Input\\ArgvInput), Object(Symfony\\Component\\Console\\Output\\ConsoleOutput))
#13 /home/vagrant/code/vendor/symfony/console/Application.php(262): Symfony\\Component\\Console\\Application->doRunCommand(Object(App\\Console\\Commands\\AdminCRUD\\MakeCommand), Object(Symfony\\Component\\Console\\Input\\ArgvInput), Object(Symfony\\Component\\Console\\Output\\ConsoleOutput))
#14 /home/vagrant/code/vendor/symfony/console/Application.php(145): Symfony\\Component\\Console\\Application->doRun(Object(Symfony\\Component\\Console\\Input\\ArgvInput), Object(Symfony\\Component\\Console\\Output\\ConsoleOutput))
#15 /home/vagrant/code/vendor/laravel/framework/src/Illuminate/Console/Application.php(89): Symfony\\Component\\Console\\Application->run(Object(Symfony\\Component\\Console\\Input\\ArgvInput), Object(Symfony\\Component\\Console\\Output\\ConsoleOutput))
#16 /home/vagrant/code/vendor/laravel/framework/src/Illuminate/Foundation/Console/Kernel.php(122): Illuminate\\Console\\Application->run(Object(Symfony\\Component\\Console\\Input\\ArgvInput), Object(Symfony\\Component\\Console\\Output\\ConsoleOutput))
#17 /home/vagrant/code/artisan(37): Illuminate\\Foundation\\Console\\Kernel->handle(Object(Symfony\\Component\\Console\\Input\\ArgvInput), Object(Symfony\\Component\\Console\\Output\\ConsoleOutput))
#18 {main}
"} 
